<?xml version="1.0" encoding="UTF-8"?>
<!-- Generated by org.testng.reporters.JUnitReportReporter -->
<testsuite hostname="DESKTOP-LRO9C4E" failures="0" tests="1" name="com.crm.qa.testcases.LoginPageTest" time="0.011" errors="0" timestamp="2024-09-29T17:33:11 IST" skipped="0">
  <testcase classname="com.crm.qa.testcases.LoginPageTest" name="test" time="0.011"/>
</testsuite> <!-- com.crm.qa.testcases.LoginPageTest -->
